2020-04-10 13:16:25.257 INFO [main] [com.Stepdefination.Login_Stepdefination] [a_user_launch_the_browser] [com.Stepdefination.Login_Stepdefination.a_user_launch_the_browser(Login_Stepdefination.java:29)] - Opencart site launches
2020-04-10 13:17:42.416 INFO [main] [com.Stepdefination.Login_Stepdefination] [a_user_launch_the_browser] [com.Stepdefination.Login_Stepdefination.a_user_launch_the_browser(Login_Stepdefination.java:29)] - Opencart site launches
2020-04-10 13:17:46.096 DEBUG [main] [com.Stepdefination.Login_Stepdefination] [the_user_opens_opencart_login_page] [com.Stepdefination.Login_Stepdefination.the_user_opens_opencart_login_page(Login_Stepdefination.java:36)] - Login page opened 
2020-04-10 14:13:54.771 INFO [main] [com.Stepdefination.Login_Stepdefination] [a_user_launch_the_browser] [com.Stepdefination.Login_Stepdefination.a_user_launch_the_browser(Login_Stepdefination.java:29)] - Opencart site launches
2020-04-10 14:13:58.584 DEBUG [main] [com.Stepdefination.Login_Stepdefination] [the_user_opens_opencart_login_page] [com.Stepdefination.Login_Stepdefination.the_user_opens_opencart_login_page(Login_Stepdefination.java:36)] - Login page opened 
2020-04-10 14:19:10.398 INFO [main] [com.Stepdefination.Login_Stepdefination] [a_user_launch_the_browser] [com.Stepdefination.Login_Stepdefination.a_user_launch_the_browser(Login_Stepdefination.java:29)] - Opencart site launches
2020-04-10 14:19:13.806 DEBUG [main] [com.Stepdefination.Login_Stepdefination] [the_user_opens_opencart_login_page] [com.Stepdefination.Login_Stepdefination.the_user_opens_opencart_login_page(Login_Stepdefination.java:36)] - Login page opened 
2020-04-10 14:22:59.723 INFO [main] [com.Stepdefination.Login_Stepdefination] [a_user_launch_the_browser] [com.Stepdefination.Login_Stepdefination.a_user_launch_the_browser(Login_Stepdefination.java:29)] - Opencart site launches
2020-04-10 14:23:04.355 DEBUG [main] [com.Stepdefination.Login_Stepdefination] [the_user_opens_opencart_login_page] [com.Stepdefination.Login_Stepdefination.the_user_opens_opencart_login_page(Login_Stepdefination.java:36)] - Login page opened 
2020-04-10 14:38:39.757 INFO [main] [com.Stepdefination.Login_Stepdefination] [a_user_launch_the_browser] [com.Stepdefination.Login_Stepdefination.a_user_launch_the_browser(Login_Stepdefination.java:30)] - Opencart site launches
2020-04-10 14:38:43.056 DEBUG [main] [com.Stepdefination.Login_Stepdefination] [the_user_opens_opencart_login_page] [com.Stepdefination.Login_Stepdefination.the_user_opens_opencart_login_page(Login_Stepdefination.java:37)] - Login page opened 
2020-04-10 14:43:05.375 INFO [main] [com.Stepdefination.Login_Stepdefination] [a_user_launch_the_browser] [com.Stepdefination.Login_Stepdefination.a_user_launch_the_browser(Login_Stepdefination.java:30)] - Opencart site launches
2020-04-10 14:43:05.605 DEBUG [main] [com.Stepdefination.Login_Stepdefination] [the_user_opens_opencart_login_page] [com.Stepdefination.Login_Stepdefination.the_user_opens_opencart_login_page(Login_Stepdefination.java:37)] - Login page opened 
2020-04-10 14:46:37.166 INFO [main] [com.Stepdefination.Login_Stepdefination] [a_user_launch_the_browser] [com.Stepdefination.Login_Stepdefination.a_user_launch_the_browser(Login_Stepdefination.java:30)] - Opencart site launches
2020-04-10 14:46:37.507 DEBUG [main] [com.Stepdefination.Login_Stepdefination] [the_user_opens_opencart_login_page] [com.Stepdefination.Login_Stepdefination.the_user_opens_opencart_login_page(Login_Stepdefination.java:37)] - Login page opened 
2020-04-10 14:48:14.506 INFO [main] [com.Stepdefination.Login_Stepdefination] [a_user_launch_the_browser] [com.Stepdefination.Login_Stepdefination.a_user_launch_the_browser(Login_Stepdefination.java:29)] - Opencart site launches
2020-04-10 14:48:18.160 DEBUG [main] [com.Stepdefination.Login_Stepdefination] [the_user_opens_opencart_login_page] [com.Stepdefination.Login_Stepdefination.the_user_opens_opencart_login_page(Login_Stepdefination.java:36)] - Login page opened 
2020-04-10 15:05:43.486 INFO [main] [com.Stepdefination.Login_Stepdefination] [a_user_launch_the_browser] [com.Stepdefination.Login_Stepdefination.a_user_launch_the_browser(Login_Stepdefination.java:29)] - Opencart site launches
2020-04-10 15:05:47.328 DEBUG [main] [com.Stepdefination.Login_Stepdefination] [the_user_opens_opencart_login_page] [com.Stepdefination.Login_Stepdefination.the_user_opens_opencart_login_page(Login_Stepdefination.java:36)] - Login page opened 
2020-04-10 15:05:55.972 ERROR [main] [com.Stepdefination.Login_Stepdefination] [the_user_login_using_username_and_password] [com.Stepdefination.Login_Stepdefination.the_user_login_using_username_and_password(Login_Stepdefination.java:51)] - Details are given
2020-04-10 15:09:32.598 INFO [main] [com.Stepdefination.Login_Stepdefination] [a_user_launch_the_browser] [com.Stepdefination.Login_Stepdefination.a_user_launch_the_browser(Login_Stepdefination.java:29)] - Opencart site launches
2020-04-10 15:09:36.020 DEBUG [main] [com.Stepdefination.Login_Stepdefination] [the_user_opens_opencart_login_page] [com.Stepdefination.Login_Stepdefination.the_user_opens_opencart_login_page(Login_Stepdefination.java:36)] - Login page opened 
2020-04-10 15:09:45.416 ERROR [main] [com.Stepdefination.Login_Stepdefination] [the_user_login_using_username_and_password] [com.Stepdefination.Login_Stepdefination.the_user_login_using_username_and_password(Login_Stepdefination.java:51)] - Details are given
2020-04-10 15:10:00.931 INFO [main] [com.Stepdefination.Search_Stepdefination] [the_user_launch_the_browser] [com.Stepdefination.Search_Stepdefination.the_user_launch_the_browser(Search_Stepdefination.java:27)] - Opencart site launches
2020-04-10 15:10:05.263 DEBUG [main] [com.Stepdefination.Search_Stepdefination] [the_user_opens_the_open_cart_search_page] [com.Stepdefination.Search_Stepdefination.the_user_opens_the_open_cart_search_page(Search_Stepdefination.java:35)] - Product searched 
2020-04-10 15:10:12.470 ERROR [main] [com.Stepdefination.Search_Stepdefination] [the_user_search_the_product] [com.Stepdefination.Search_Stepdefination.the_user_search_the_product(Search_Stepdefination.java:43)] - Searching for selected product
2020-04-10 15:10:33.830 INFO [main] [com.Stepdefination.AddTocart_Stepdefination] [the_user_launches_the_browser_in_chrome] [com.Stepdefination.AddTocart_Stepdefination.the_user_launches_the_browser_in_chrome(AddTocart_Stepdefination.java:28)] - Opencart site launches
2020-04-10 15:10:35.407 DEBUG [main] [com.Stepdefination.AddTocart_Stepdefination] [the_user_opens_the_cart_and_search_page_called] [com.Stepdefination.AddTocart_Stepdefination.the_user_opens_the_cart_and_search_page_called(AddTocart_Stepdefination.java:36)] - Product searched 
2020-04-10 15:10:40.974 ERROR [main] [com.Stepdefination.AddTocart_Stepdefination] [the_user_searches_the_product_and_choose] [com.Stepdefination.AddTocart_Stepdefination.the_user_searches_the_product_and_choose(AddTocart_Stepdefination.java:43)] - Product adding to cart
2020-04-10 15:10:45.004 INFO [main] [com.Stepdefination.AddTocart_Stepdefination] [the_user_closees_the_browser_and_quit] [com.Stepdefination.AddTocart_Stepdefination.the_user_closees_the_browser_and_quit(AddTocart_Stepdefination.java:62)] - Browser closed
2020-04-10 15:11:02.654 INFO [main] [com.Stepdefination.Compare_Stepdefination] [the_user_launched_the_browser_in_chrome] [com.Stepdefination.Compare_Stepdefination.the_user_launched_the_browser_in_chrome(Compare_Stepdefination.java:27)] - Opencart site launches
2020-04-10 15:11:09.397 DEBUG [main] [com.Stepdefination.Compare_Stepdefination] [the_user_compared_the_two_products] [com.Stepdefination.Compare_Stepdefination.the_user_compared_the_two_products(Compare_Stepdefination.java:35)] - Product compared
2020-04-10 15:11:15.923 ERROR [main] [com.Stepdefination.Compare_Stepdefination] [the_user_will_see_product_comparison] [com.Stepdefination.Compare_Stepdefination.the_user_will_see_product_comparison(Compare_Stepdefination.java:41)] - Product comprison completed
2020-04-10 15:11:30.977 INFO [main] [com.Stepdefination.Brand_Stepdefination] [the_user_launching_the_chrome_browser] [com.Stepdefination.Brand_Stepdefination.the_user_launching_the_chrome_browser(Brand_Stepdefination.java:27)] - Opencart site launches
2020-04-10 15:11:36.983 DEBUG [main] [com.Stepdefination.Brand_Stepdefination] [the_user_clicks_on_brands] [com.Stepdefination.Brand_Stepdefination.the_user_clicks_on_brands(Brand_Stepdefination.java:34)] - selected brands 
2020-04-10 15:11:43.516 ERROR [main] [com.Stepdefination.Brand_Stepdefination] [the_user_selects_the_brand] [com.Stepdefination.Brand_Stepdefination.the_user_selects_the_brand(Brand_Stepdefination.java:42)] - product selected
2020-04-10 15:12:03.939 INFO [main] [com.Stepdefination.AddTocart_Stepdefination] [the_user_to_open_browser_chrome] [com.Stepdefination.Specials_Stepdefination.the_user_to_open_browser_chrome(Specials_Stepdefination.java:27)] - Opencart site launches
2020-04-10 15:12:09.813 DEBUG [main] [com.Stepdefination.AddTocart_Stepdefination] [the_user_clicks_on_the_specials] [com.Stepdefination.Specials_Stepdefination.the_user_clicks_on_the_specials(Specials_Stepdefination.java:34)] - Product searched 
2020-04-10 15:12:23.445 ERROR [main] [com.Stepdefination.AddTocart_Stepdefination] [the_user_will_see_the_specials_and_add_to_the_cart] [com.Stepdefination.Specials_Stepdefination.the_user_will_see_the_specials_and_add_to_the_cart(Specials_Stepdefination.java:43)] - Product added to cart
2020-04-10 15:12:38.274 INFO [main] [com.Stepdefination.Review_Stepdefination] [click_on_MP_Players] [com.Stepdefination.Review_Stepdefination.click_on_MP_Players(Review_Stepdefination.java:26)] - Opencart site launches
2020-04-10 15:12:39.442 INFO [main] [com.Stepdefination.Review_Stepdefination] [click_on_MP_Players] [com.Stepdefination.Review_Stepdefination.click_on_MP_Players(Review_Stepdefination.java:29)] - clicked on mp3 players
2020-04-10 15:12:43.364 INFO [main] [com.Stepdefination.Review_Stepdefination] [click_on_Show_all_MP_players] [com.Stepdefination.Review_Stepdefination.click_on_Show_all_MP_players(Review_Stepdefination.java:36)] - clicked on show all mp3 players
2020-04-10 15:12:48.507 INFO [main] [com.Stepdefination.Review_Stepdefination] [click_on_IPod_Suffle] [com.Stepdefination.Review_Stepdefination.click_on_IPod_Suffle(Review_Stepdefination.java:42)] - clicked on ipod shuffle
2020-04-10 15:12:49.402 INFO [main] [com.Stepdefination.Review_Stepdefination] [click_on_Reviews] [com.Stepdefination.Review_Stepdefination.click_on_Reviews(Review_Stepdefination.java:48)] - clicked on reviews icon
2020-04-10 15:12:50.501 INFO [main] [com.Stepdefination.Review_Stepdefination] [enter_review_details_in_details_feild] [com.Stepdefination.Review_Stepdefination.enter_review_details_in_details_feild(Review_Stepdefination.java:54)] - clicked on your name feild
2020-04-10 15:12:51.666 INFO [main] [com.Stepdefination.Review_Stepdefination] [enter_review_details_in_details_feild] [com.Stepdefination.Review_Stepdefination.enter_review_details_in_details_feild(Review_Stepdefination.java:56)] - clicked on review feild
2020-04-10 15:12:51.856 INFO [main] [com.Stepdefination.Review_Stepdefination] [click_on_continue] [com.Stepdefination.Review_Stepdefination.click_on_continue(Review_Stepdefination.java:62)] - clicked on rating radio button
2020-04-10 15:12:52.193 INFO [main] [com.Stepdefination.Review_Stepdefination] [click_on_continue] [com.Stepdefination.Review_Stepdefination.click_on_continue(Review_Stepdefination.java:65)] - clicked on submit button
2020-04-10 15:12:52.912 INFO [main] [com.Stepdefination.Review_Stepdefination] [click_on_continue] [com.Stepdefination.Review_Stepdefination.click_on_continue(Review_Stepdefination.java:74)] - screenshot taken
2020-04-10 15:13:09.384 INFO [main] [com.Stepdefination.Contactus_Stepdefination] [the_customer_open_the_cart_in_the_browser] [com.Stepdefination.Contactus_Stepdefination.the_customer_open_the_cart_in_the_browser(Contactus_Stepdefination.java:28)] - Opencart site launches
2020-04-10 15:20:11.198 INFO [main] [com.Stepdefination.Login_Stepdefination] [a_user_launch_the_browser] [com.Stepdefination.Login_Stepdefination.a_user_launch_the_browser(Login_Stepdefination.java:29)] - Opencart site launches
2020-04-10 15:20:14.212 DEBUG [main] [com.Stepdefination.Login_Stepdefination] [the_user_opens_opencart_login_page] [com.Stepdefination.Login_Stepdefination.the_user_opens_opencart_login_page(Login_Stepdefination.java:36)] - Login page opened 
2020-04-10 15:20:21.480 ERROR [main] [com.Stepdefination.Login_Stepdefination] [the_user_login_using_username_and_password] [com.Stepdefination.Login_Stepdefination.the_user_login_using_username_and_password(Login_Stepdefination.java:51)] - Details are given
2020-04-10 15:20:36.022 INFO [main] [com.Stepdefination.Search_Stepdefination] [the_user_launch_the_browser] [com.Stepdefination.Search_Stepdefination.the_user_launch_the_browser(Search_Stepdefination.java:27)] - Opencart site launches
2020-04-10 15:20:40.040 DEBUG [main] [com.Stepdefination.Search_Stepdefination] [the_user_opens_the_open_cart_search_page] [com.Stepdefination.Search_Stepdefination.the_user_opens_the_open_cart_search_page(Search_Stepdefination.java:35)] - Product searched 
2020-04-10 15:20:45.266 ERROR [main] [com.Stepdefination.Search_Stepdefination] [the_user_search_the_product] [com.Stepdefination.Search_Stepdefination.the_user_search_the_product(Search_Stepdefination.java:43)] - Searching for selected product
2020-04-10 15:20:59.922 INFO [main] [com.Stepdefination.AddTocart_Stepdefination] [the_user_launches_the_browser_in_chrome] [com.Stepdefination.AddTocart_Stepdefination.the_user_launches_the_browser_in_chrome(AddTocart_Stepdefination.java:28)] - Opencart site launches
2020-04-10 15:21:01.169 DEBUG [main] [com.Stepdefination.AddTocart_Stepdefination] [the_user_opens_the_cart_and_search_page_called] [com.Stepdefination.AddTocart_Stepdefination.the_user_opens_the_cart_and_search_page_called(AddTocart_Stepdefination.java:36)] - Product searched 
2020-04-10 15:21:06.415 ERROR [main] [com.Stepdefination.AddTocart_Stepdefination] [the_user_searches_the_product_and_choose] [com.Stepdefination.AddTocart_Stepdefination.the_user_searches_the_product_and_choose(AddTocart_Stepdefination.java:43)] - Product adding to cart
2020-04-10 15:21:10.324 INFO [main] [com.Stepdefination.AddTocart_Stepdefination] [the_user_closees_the_browser_and_quit] [com.Stepdefination.AddTocart_Stepdefination.the_user_closees_the_browser_and_quit(AddTocart_Stepdefination.java:62)] - Browser closed
2020-04-10 15:21:23.416 INFO [main] [com.Stepdefination.Compare_Stepdefination] [the_user_launched_the_browser_in_chrome] [com.Stepdefination.Compare_Stepdefination.the_user_launched_the_browser_in_chrome(Compare_Stepdefination.java:27)] - Opencart site launches
2020-04-10 15:21:30.412 DEBUG [main] [com.Stepdefination.Compare_Stepdefination] [the_user_compared_the_two_products] [com.Stepdefination.Compare_Stepdefination.the_user_compared_the_two_products(Compare_Stepdefination.java:35)] - Product compared
2020-04-10 15:21:35.735 ERROR [main] [com.Stepdefination.Compare_Stepdefination] [the_user_will_see_product_comparison] [com.Stepdefination.Compare_Stepdefination.the_user_will_see_product_comparison(Compare_Stepdefination.java:41)] - Product comprison completed
2020-04-10 15:21:50.667 INFO [main] [com.Stepdefination.Brand_Stepdefination] [the_user_launching_the_chrome_browser] [com.Stepdefination.Brand_Stepdefination.the_user_launching_the_chrome_browser(Brand_Stepdefination.java:27)] - Opencart site launches
2020-04-10 15:21:56.427 DEBUG [main] [com.Stepdefination.Brand_Stepdefination] [the_user_clicks_on_brands] [com.Stepdefination.Brand_Stepdefination.the_user_clicks_on_brands(Brand_Stepdefination.java:34)] - selected brands 
2020-04-10 15:22:04.298 ERROR [main] [com.Stepdefination.Brand_Stepdefination] [the_user_selects_the_brand] [com.Stepdefination.Brand_Stepdefination.the_user_selects_the_brand(Brand_Stepdefination.java:42)] - product selected
2020-04-10 15:22:21.839 INFO [main] [com.Stepdefination.AddTocart_Stepdefination] [the_user_to_open_browser_chrome] [com.Stepdefination.Specials_Stepdefination.the_user_to_open_browser_chrome(Specials_Stepdefination.java:27)] - Opencart site launches
2020-04-10 15:22:27.559 DEBUG [main] [com.Stepdefination.AddTocart_Stepdefination] [the_user_clicks_on_the_specials] [com.Stepdefination.Specials_Stepdefination.the_user_clicks_on_the_specials(Specials_Stepdefination.java:34)] - Product searched 
2020-04-10 15:22:39.505 ERROR [main] [com.Stepdefination.AddTocart_Stepdefination] [the_user_will_see_the_specials_and_add_to_the_cart] [com.Stepdefination.Specials_Stepdefination.the_user_will_see_the_specials_and_add_to_the_cart(Specials_Stepdefination.java:43)] - Product added to cart
2020-04-10 15:22:55.373 INFO [main] [com.Stepdefination.Review_Stepdefination] [click_on_MP_Players] [com.Stepdefination.Review_Stepdefination.click_on_MP_Players(Review_Stepdefination.java:26)] - Opencart site launches
2020-04-10 15:22:56.080 INFO [main] [com.Stepdefination.Review_Stepdefination] [click_on_MP_Players] [com.Stepdefination.Review_Stepdefination.click_on_MP_Players(Review_Stepdefination.java:29)] - clicked on mp3 players
2020-04-10 15:22:59.534 INFO [main] [com.Stepdefination.Review_Stepdefination] [click_on_Show_all_MP_players] [com.Stepdefination.Review_Stepdefination.click_on_Show_all_MP_players(Review_Stepdefination.java:36)] - clicked on show all mp3 players
2020-04-10 15:23:02.997 INFO [main] [com.Stepdefination.Review_Stepdefination] [click_on_IPod_Suffle] [com.Stepdefination.Review_Stepdefination.click_on_IPod_Suffle(Review_Stepdefination.java:42)] - clicked on ipod shuffle
2020-04-10 15:23:03.589 INFO [main] [com.Stepdefination.Review_Stepdefination] [click_on_Reviews] [com.Stepdefination.Review_Stepdefination.click_on_Reviews(Review_Stepdefination.java:48)] - clicked on reviews icon
2020-04-10 15:23:04.523 INFO [main] [com.Stepdefination.Review_Stepdefination] [enter_review_details_in_details_feild] [com.Stepdefination.Review_Stepdefination.enter_review_details_in_details_feild(Review_Stepdefination.java:54)] - clicked on your name feild
2020-04-10 15:23:05.661 INFO [main] [com.Stepdefination.Review_Stepdefination] [enter_review_details_in_details_feild] [com.Stepdefination.Review_Stepdefination.enter_review_details_in_details_feild(Review_Stepdefination.java:56)] - clicked on review feild
2020-04-10 15:23:05.896 INFO [main] [com.Stepdefination.Review_Stepdefination] [click_on_continue] [com.Stepdefination.Review_Stepdefination.click_on_continue(Review_Stepdefination.java:62)] - clicked on rating radio button
2020-04-10 15:23:06.219 INFO [main] [com.Stepdefination.Review_Stepdefination] [click_on_continue] [com.Stepdefination.Review_Stepdefination.click_on_continue(Review_Stepdefination.java:65)] - clicked on submit button
2020-04-10 15:23:06.746 INFO [main] [com.Stepdefination.Review_Stepdefination] [click_on_continue] [com.Stepdefination.Review_Stepdefination.click_on_continue(Review_Stepdefination.java:74)] - screenshot taken
2020-04-10 15:23:21.105 INFO [main] [com.Stepdefination.Contactus_Stepdefination] [the_customer_open_the_cart_in_the_browser] [com.Stepdefination.Contactus_Stepdefination.the_customer_open_the_cart_in_the_browser(Contactus_Stepdefination.java:28)] - Opencart site launches
2020-04-10 15:51:46.035 INFO [main] [com.Stepdefination.Login_Stepdefination] [a_user_launch_the_browser] [com.Stepdefination.Login_Stepdefination.a_user_launch_the_browser(Login_Stepdefination.java:29)] - Opencart site launches
2020-04-10 15:51:49.535 DEBUG [main] [com.Stepdefination.Login_Stepdefination] [the_user_opens_opencart_login_page] [com.Stepdefination.Login_Stepdefination.the_user_opens_opencart_login_page(Login_Stepdefination.java:36)] - Login page opened 
2020-04-10 15:51:58.258 ERROR [main] [com.Stepdefination.Login_Stepdefination] [the_user_login_using_username_and_password] [com.Stepdefination.Login_Stepdefination.the_user_login_using_username_and_password(Login_Stepdefination.java:50)] - Details are given
2020-04-10 15:52:50.696 INFO [main] [com.Stepdefination.Search_Stepdefination] [the_user_launch_the_browser] [com.Stepdefination.Search_Stepdefination.the_user_launch_the_browser(Search_Stepdefination.java:27)] - Opencart site launches
2020-04-10 15:53:43.366 INFO [main] [com.Stepdefination.Login_Stepdefination] [a_user_launch_the_browser] [com.Stepdefination.Login_Stepdefination.a_user_launch_the_browser(Login_Stepdefination.java:29)] - Opencart site launches
2020-04-10 15:53:46.175 DEBUG [main] [com.Stepdefination.Login_Stepdefination] [the_user_opens_opencart_login_page] [com.Stepdefination.Login_Stepdefination.the_user_opens_opencart_login_page(Login_Stepdefination.java:36)] - Login page opened 
2020-04-10 15:53:54.034 ERROR [main] [com.Stepdefination.Login_Stepdefination] [the_user_login_using_username_and_password] [com.Stepdefination.Login_Stepdefination.the_user_login_using_username_and_password(Login_Stepdefination.java:50)] - Details are given
2020-04-10 15:54:18.079 INFO [main] [com.Stepdefination.Search_Stepdefination] [the_user_launch_the_browser] [com.Stepdefination.Search_Stepdefination.the_user_launch_the_browser(Search_Stepdefination.java:27)] - Opencart site launches
2020-04-10 15:54:22.562 DEBUG [main] [com.Stepdefination.Search_Stepdefination] [the_user_opens_the_open_cart_search_page] [com.Stepdefination.Search_Stepdefination.the_user_opens_the_open_cart_search_page(Search_Stepdefination.java:35)] - Product searched 
2020-04-10 15:54:30.595 ERROR [main] [com.Stepdefination.Search_Stepdefination] [the_user_search_the_product] [com.Stepdefination.Search_Stepdefination.the_user_search_the_product(Search_Stepdefination.java:43)] - Searching for selected product
2020-04-10 15:54:50.873 INFO [main] [com.Stepdefination.AddTocart_Stepdefination] [the_user_launches_the_browser_in_chrome] [com.Stepdefination.AddTocart_Stepdefination.the_user_launches_the_browser_in_chrome(AddTocart_Stepdefination.java:28)] - Opencart site launches
2020-04-10 15:54:51.948 DEBUG [main] [com.Stepdefination.AddTocart_Stepdefination] [the_user_opens_the_cart_and_search_page_called] [com.Stepdefination.AddTocart_Stepdefination.the_user_opens_the_cart_and_search_page_called(AddTocart_Stepdefination.java:36)] - Product searched 
2020-04-10 15:54:57.615 ERROR [main] [com.Stepdefination.AddTocart_Stepdefination] [the_user_searches_the_product_and_choose] [com.Stepdefination.AddTocart_Stepdefination.the_user_searches_the_product_and_choose(AddTocart_Stepdefination.java:43)] - Product adding to cart
2020-04-10 15:55:07.180 INFO [main] [com.Stepdefination.AddTocart_Stepdefination] [the_user_closees_the_browser_and_quit] [com.Stepdefination.AddTocart_Stepdefination.the_user_closees_the_browser_and_quit(AddTocart_Stepdefination.java:62)] - Browser closed
2020-04-10 15:55:23.085 INFO [main] [com.Stepdefination.Compare_Stepdefination] [the_user_launched_the_browser_in_chrome] [com.Stepdefination.Compare_Stepdefination.the_user_launched_the_browser_in_chrome(Compare_Stepdefination.java:27)] - Opencart site launches
2020-04-10 15:55:30.122 DEBUG [main] [com.Stepdefination.Compare_Stepdefination] [the_user_compared_the_two_products] [com.Stepdefination.Compare_Stepdefination.the_user_compared_the_two_products(Compare_Stepdefination.java:35)] - Product compared
2020-04-10 15:55:35.647 ERROR [main] [com.Stepdefination.Compare_Stepdefination] [the_user_will_see_product_comparison] [com.Stepdefination.Compare_Stepdefination.the_user_will_see_product_comparison(Compare_Stepdefination.java:41)] - Product comprison completed
2020-04-10 15:55:53.171 INFO [main] [com.Stepdefination.Brand_Stepdefination] [the_user_launching_the_chrome_browser] [com.Stepdefination.Brand_Stepdefination.the_user_launching_the_chrome_browser(Brand_Stepdefination.java:27)] - Opencart site launches
2020-04-10 15:55:58.721 DEBUG [main] [com.Stepdefination.Brand_Stepdefination] [the_user_clicks_on_brands] [com.Stepdefination.Brand_Stepdefination.the_user_clicks_on_brands(Brand_Stepdefination.java:34)] - selected brands 
2020-04-10 15:56:04.257 ERROR [main] [com.Stepdefination.Brand_Stepdefination] [the_user_selects_the_brand] [com.Stepdefination.Brand_Stepdefination.the_user_selects_the_brand(Brand_Stepdefination.java:42)] - product selected
2020-04-10 15:56:25.878 INFO [main] [com.Stepdefination.AddTocart_Stepdefination] [the_user_to_open_browser_chrome] [com.Stepdefination.Specials_Stepdefination.the_user_to_open_browser_chrome(Specials_Stepdefination.java:27)] - Opencart site launches
2020-04-10 15:56:32.208 DEBUG [main] [com.Stepdefination.AddTocart_Stepdefination] [the_user_clicks_on_the_specials] [com.Stepdefination.Specials_Stepdefination.the_user_clicks_on_the_specials(Specials_Stepdefination.java:34)] - Product searched 
2020-04-10 15:56:44.295 ERROR [main] [com.Stepdefination.AddTocart_Stepdefination] [the_user_will_see_the_specials_and_add_to_the_cart] [com.Stepdefination.Specials_Stepdefination.the_user_will_see_the_specials_and_add_to_the_cart(Specials_Stepdefination.java:43)] - Product added to cart
2020-04-10 15:57:04.920 INFO [main] [com.Stepdefination.Review_Stepdefination] [click_on_MP_Players] [com.Stepdefination.Review_Stepdefination.click_on_MP_Players(Review_Stepdefination.java:26)] - Opencart site launches
2020-04-10 15:57:05.730 INFO [main] [com.Stepdefination.Review_Stepdefination] [click_on_MP_Players] [com.Stepdefination.Review_Stepdefination.click_on_MP_Players(Review_Stepdefination.java:29)] - clicked on mp3 players
2020-04-10 15:57:10.656 INFO [main] [com.Stepdefination.Review_Stepdefination] [click_on_Show_all_MP_players] [com.Stepdefination.Review_Stepdefination.click_on_Show_all_MP_players(Review_Stepdefination.java:36)] - clicked on show all mp3 players
2020-04-10 15:57:16.745 INFO [main] [com.Stepdefination.Review_Stepdefination] [click_on_IPod_Suffle] [com.Stepdefination.Review_Stepdefination.click_on_IPod_Suffle(Review_Stepdefination.java:42)] - clicked on ipod shuffle
2020-04-10 15:57:17.584 INFO [main] [com.Stepdefination.Review_Stepdefination] [click_on_Reviews] [com.Stepdefination.Review_Stepdefination.click_on_Reviews(Review_Stepdefination.java:48)] - clicked on reviews icon
2020-04-10 15:57:18.348 INFO [main] [com.Stepdefination.Review_Stepdefination] [enter_review_details_in_details_feild] [com.Stepdefination.Review_Stepdefination.enter_review_details_in_details_feild(Review_Stepdefination.java:54)] - clicked on your name feild
2020-04-10 15:57:19.511 INFO [main] [com.Stepdefination.Review_Stepdefination] [enter_review_details_in_details_feild] [com.Stepdefination.Review_Stepdefination.enter_review_details_in_details_feild(Review_Stepdefination.java:56)] - clicked on review feild
2020-04-10 15:57:19.830 INFO [main] [com.Stepdefination.Review_Stepdefination] [click_on_continue] [com.Stepdefination.Review_Stepdefination.click_on_continue(Review_Stepdefination.java:62)] - clicked on rating radio button
2020-04-10 15:57:20.126 INFO [main] [com.Stepdefination.Review_Stepdefination] [click_on_continue] [com.Stepdefination.Review_Stepdefination.click_on_continue(Review_Stepdefination.java:65)] - clicked on submit button
2020-04-10 15:57:20.787 INFO [main] [com.Stepdefination.Review_Stepdefination] [click_on_continue] [com.Stepdefination.Review_Stepdefination.click_on_continue(Review_Stepdefination.java:74)] - screenshot taken
2020-04-10 15:57:36.513 INFO [main] [com.Stepdefination.Contactus_Stepdefination] [the_customer_open_the_cart_in_the_browser] [com.Stepdefination.Contactus_Stepdefination.the_customer_open_the_cart_in_the_browser(Contactus_Stepdefination.java:28)] - Opencart site launches
2020-04-10 18:56:35.777 INFO [main] [com.Stepdefination.Login_Stepdefination] [a_user_launch_the_browser] [com.Stepdefination.Login_Stepdefination.a_user_launch_the_browser(Login_Stepdefination.java:29)] - Opencart site launches
2020-04-10 18:56:38.678 DEBUG [main] [com.Stepdefination.Login_Stepdefination] [the_user_opens_opencart_login_page] [com.Stepdefination.Login_Stepdefination.the_user_opens_opencart_login_page(Login_Stepdefination.java:36)] - Login page opened 
2020-04-10 18:56:47.525 ERROR [main] [com.Stepdefination.Login_Stepdefination] [the_user_login_using_username_and_password] [com.Stepdefination.Login_Stepdefination.the_user_login_using_username_and_password(Login_Stepdefination.java:50)] - Details are given
2020-04-10 18:57:01.999 INFO [main] [com.Stepdefination.Search_Stepdefination] [the_user_launch_the_browser] [com.Stepdefination.Search_Stepdefination.the_user_launch_the_browser(Search_Stepdefination.java:27)] - Opencart site launches
2020-04-10 18:57:05.881 DEBUG [main] [com.Stepdefination.Search_Stepdefination] [the_user_opens_the_open_cart_search_page] [com.Stepdefination.Search_Stepdefination.the_user_opens_the_open_cart_search_page(Search_Stepdefination.java:35)] - Product searched 
2020-04-10 18:57:11.973 ERROR [main] [com.Stepdefination.Search_Stepdefination] [the_user_search_the_product] [com.Stepdefination.Search_Stepdefination.the_user_search_the_product(Search_Stepdefination.java:43)] - Searching for selected product
2020-04-10 18:57:25.930 INFO [main] [com.Stepdefination.AddTocart_Stepdefination] [the_user_launches_the_browser_in_chrome] [com.Stepdefination.AddTocart_Stepdefination.the_user_launches_the_browser_in_chrome(AddTocart_Stepdefination.java:28)] - Opencart site launches
2020-04-10 18:57:26.865 DEBUG [main] [com.Stepdefination.AddTocart_Stepdefination] [the_user_opens_the_cart_and_search_page_called] [com.Stepdefination.AddTocart_Stepdefination.the_user_opens_the_cart_and_search_page_called(AddTocart_Stepdefination.java:36)] - Product searched 
2020-04-10 18:57:32.264 ERROR [main] [com.Stepdefination.AddTocart_Stepdefination] [the_user_searches_the_product_and_choose] [com.Stepdefination.AddTocart_Stepdefination.the_user_searches_the_product_and_choose(AddTocart_Stepdefination.java:43)] - Product adding to cart
2020-04-10 18:57:36.080 INFO [main] [com.Stepdefination.AddTocart_Stepdefination] [the_user_closees_the_browser_and_quit] [com.Stepdefination.AddTocart_Stepdefination.the_user_closees_the_browser_and_quit(AddTocart_Stepdefination.java:62)] - Browser closed
2020-04-10 18:57:49.667 INFO [main] [com.Stepdefination.Compare_Stepdefination] [the_user_launched_the_browser_in_chrome] [com.Stepdefination.Compare_Stepdefination.the_user_launched_the_browser_in_chrome(Compare_Stepdefination.java:27)] - Opencart site launches
2020-04-10 18:57:56.701 DEBUG [main] [com.Stepdefination.Compare_Stepdefination] [the_user_compared_the_two_products] [com.Stepdefination.Compare_Stepdefination.the_user_compared_the_two_products(Compare_Stepdefination.java:35)] - Product compared
2020-04-10 18:58:02.994 ERROR [main] [com.Stepdefination.Compare_Stepdefination] [the_user_will_see_product_comparison] [com.Stepdefination.Compare_Stepdefination.the_user_will_see_product_comparison(Compare_Stepdefination.java:41)] - Product comprison completed
2020-04-10 18:58:19.540 INFO [main] [com.Stepdefination.Brand_Stepdefination] [the_user_launching_the_chrome_browser] [com.Stepdefination.Brand_Stepdefination.the_user_launching_the_chrome_browser(Brand_Stepdefination.java:27)] - Opencart site launches
2020-04-10 18:58:24.915 DEBUG [main] [com.Stepdefination.Brand_Stepdefination] [the_user_clicks_on_brands] [com.Stepdefination.Brand_Stepdefination.the_user_clicks_on_brands(Brand_Stepdefination.java:34)] - selected brands 
2020-04-10 18:58:31.519 ERROR [main] [com.Stepdefination.Brand_Stepdefination] [the_user_selects_the_brand] [com.Stepdefination.Brand_Stepdefination.the_user_selects_the_brand(Brand_Stepdefination.java:42)] - product selected
2020-04-10 18:58:49.905 INFO [main] [com.Stepdefination.AddTocart_Stepdefination] [the_user_to_open_browser_chrome] [com.Stepdefination.Specials_Stepdefination.the_user_to_open_browser_chrome(Specials_Stepdefination.java:27)] - Opencart site launches
2020-04-10 18:58:56.614 DEBUG [main] [com.Stepdefination.AddTocart_Stepdefination] [the_user_clicks_on_the_specials] [com.Stepdefination.Specials_Stepdefination.the_user_clicks_on_the_specials(Specials_Stepdefination.java:34)] - Product searched 
2020-04-10 18:59:09.818 ERROR [main] [com.Stepdefination.AddTocart_Stepdefination] [the_user_will_see_the_specials_and_add_to_the_cart] [com.Stepdefination.Specials_Stepdefination.the_user_will_see_the_specials_and_add_to_the_cart(Specials_Stepdefination.java:43)] - Product added to cart
2020-04-10 18:59:23.672 INFO [main] [com.Stepdefination.Review_Stepdefination] [click_on_MP_Players] [com.Stepdefination.Review_Stepdefination.click_on_MP_Players(Review_Stepdefination.java:26)] - Opencart site launches
2020-04-10 18:59:24.161 INFO [main] [com.Stepdefination.Review_Stepdefination] [click_on_MP_Players] [com.Stepdefination.Review_Stepdefination.click_on_MP_Players(Review_Stepdefination.java:29)] - clicked on mp3 players
2020-04-10 18:59:27.531 INFO [main] [com.Stepdefination.Review_Stepdefination] [click_on_Show_all_MP_players] [com.Stepdefination.Review_Stepdefination.click_on_Show_all_MP_players(Review_Stepdefination.java:36)] - clicked on show all mp3 players
2020-04-10 18:59:31.970 INFO [main] [com.Stepdefination.Review_Stepdefination] [click_on_IPod_Suffle] [com.Stepdefination.Review_Stepdefination.click_on_IPod_Suffle(Review_Stepdefination.java:42)] - clicked on ipod shuffle
2020-04-10 18:59:32.473 INFO [main] [com.Stepdefination.Review_Stepdefination] [click_on_Reviews] [com.Stepdefination.Review_Stepdefination.click_on_Reviews(Review_Stepdefination.java:48)] - clicked on reviews icon
2020-04-10 18:59:33.088 INFO [main] [com.Stepdefination.Review_Stepdefination] [enter_review_details_in_details_feild] [com.Stepdefination.Review_Stepdefination.enter_review_details_in_details_feild(Review_Stepdefination.java:54)] - clicked on your name feild
2020-04-10 18:59:34.077 INFO [main] [com.Stepdefination.Review_Stepdefination] [enter_review_details_in_details_feild] [com.Stepdefination.Review_Stepdefination.enter_review_details_in_details_feild(Review_Stepdefination.java:56)] - clicked on review feild
2020-04-10 18:59:34.234 INFO [main] [com.Stepdefination.Review_Stepdefination] [click_on_continue] [com.Stepdefination.Review_Stepdefination.click_on_continue(Review_Stepdefination.java:62)] - clicked on rating radio button
2020-04-10 18:59:34.477 INFO [main] [com.Stepdefination.Review_Stepdefination] [click_on_continue] [com.Stepdefination.Review_Stepdefination.click_on_continue(Review_Stepdefination.java:65)] - clicked on submit button
2020-04-10 18:59:34.982 INFO [main] [com.Stepdefination.Review_Stepdefination] [click_on_continue] [com.Stepdefination.Review_Stepdefination.click_on_continue(Review_Stepdefination.java:74)] - screenshot taken
2020-04-10 18:59:50.060 INFO [main] [com.Stepdefination.Contactus_Stepdefination] [the_customer_open_the_cart_in_the_browser] [com.Stepdefination.Contactus_Stepdefination.the_customer_open_the_cart_in_the_browser(Contactus_Stepdefination.java:28)] - Opencart site launches
